<?xml version="1.0" encoding="UTF-8"?>
<testng-results ignored="0" total="1" passed="1" failed="0" skipped="0">
  <reporter-output>
  </reporter-output>
  <suite started-at="2024-02-17T15:07:56 EET" name="Default suite" finished-at="2024-02-17T15:08:41 EET" duration-ms="45601">
    <groups>
    </groups>
    <test started-at="2024-02-17T15:07:56 EET" name="Default test" finished-at="2024-02-17T15:08:41 EET" duration-ms="45601">
      <class name="Appium.appiumTesting">
        <test-method is-config="true" signature="setup()[pri:0, instance:Appium.appiumTesting@564fabc8]" started-at="2024-02-17T15:07:56 EET" name="setup" finished-at="2024-02-17T15:07:56 EET" duration-ms="57" status="PASS">
          <reporter-output>
          </reporter-output>
        </test-method> <!-- setup -->
        <test-method signature="addNumbers()[pri:0, instance:Appium.appiumTesting@564fabc8]" started-at="2024-02-17T15:07:56 EET" name="addNumbers" finished-at="2024-02-17T15:08:41 EET" duration-ms="45426" status="PASS">
          <reporter-output>
          </reporter-output>
        </test-method> <!-- addNumbers -->
        <test-method is-config="true" signature="afterTest()[pri:0, instance:Appium.appiumTesting@564fabc8]" started-at="2024-02-17T15:08:41 EET" name="afterTest" finished-at="2024-02-17T15:08:41 EET" duration-ms="5" status="PASS">
          <reporter-output>
          </reporter-output>
        </test-method> <!-- afterTest -->
      </class> <!-- Appium.appiumTesting -->
    </test> <!-- Default test -->
  </suite> <!-- Default suite -->
</testng-results>
